[2020-03-30 14:07:25,950] INFO Starting the log cleaner (kafka.log.LogCleaner)
[2020-03-30 14:07:26,219] INFO [kafka-log-cleaner-thread-0]: Starting (kafka.log.LogCleaner)
[2020-03-30 14:07:28,359] INFO Shutting down the log cleaner. (kafka.log.LogCleaner)
[2020-03-30 14:07:28,386] INFO [kafka-log-cleaner-thread-0]: Shutting down (kafka.log.LogCleaner)
[2020-03-30 14:07:28,393] INFO [kafka-log-cleaner-thread-0]: Stopped (kafka.log.LogCleaner)
[2020-03-30 14:07:28,399] INFO [kafka-log-cleaner-thread-0]: Shutdown completed (kafka.log.LogCleaner)
[2020-03-30 14:11:21,672] INFO Starting the log cleaner (kafka.log.LogCleaner)
[2020-03-30 14:11:21,737] INFO Starting the log cleaner (kafka.log.LogCleaner)
[2020-03-30 14:11:21,745] INFO Starting the log cleaner (kafka.log.LogCleaner)
[2020-03-30 14:11:21,836] INFO Starting the log cleaner (kafka.log.LogCleaner)
[2020-03-30 14:11:21,966] INFO [kafka-log-cleaner-thread-0]: Starting (kafka.log.LogCleaner)
[2020-03-30 14:11:21,993] INFO [kafka-log-cleaner-thread-0]: Starting (kafka.log.LogCleaner)
[2020-03-30 14:11:22,016] INFO [kafka-log-cleaner-thread-0]: Starting (kafka.log.LogCleaner)
[2020-03-30 14:11:22,058] INFO [kafka-log-cleaner-thread-0]: Starting (kafka.log.LogCleaner)
[2020-03-30 14:11:24,502] INFO Shutting down the log cleaner. (kafka.log.LogCleaner)
[2020-03-30 14:11:24,505] INFO [kafka-log-cleaner-thread-0]: Shutting down (kafka.log.LogCleaner)
[2020-03-30 14:11:24,517] INFO [kafka-log-cleaner-thread-0]: Stopped (kafka.log.LogCleaner)
[2020-03-30 14:11:24,518] INFO [kafka-log-cleaner-thread-0]: Shutdown completed (kafka.log.LogCleaner)
[2020-03-30 14:11:24,620] INFO Shutting down the log cleaner. (kafka.log.LogCleaner)
[2020-03-30 14:11:24,634] INFO [kafka-log-cleaner-thread-0]: Shutting down (kafka.log.LogCleaner)
[2020-03-30 14:11:24,637] INFO [kafka-log-cleaner-thread-0]: Stopped (kafka.log.LogCleaner)
[2020-03-30 14:11:24,644] INFO [kafka-log-cleaner-thread-0]: Shutdown completed (kafka.log.LogCleaner)
[2020-03-30 14:26:57,302] INFO Shutting down the log cleaner. (kafka.log.LogCleaner)
[2020-03-30 14:26:57,305] INFO [kafka-log-cleaner-thread-0]: Shutting down (kafka.log.LogCleaner)
[2020-03-30 14:26:57,306] INFO [kafka-log-cleaner-thread-0]: Stopped (kafka.log.LogCleaner)
[2020-03-30 14:26:57,306] INFO [kafka-log-cleaner-thread-0]: Shutdown completed (kafka.log.LogCleaner)
[2020-03-30 14:26:57,312] INFO Shutting down the log cleaner. (kafka.log.LogCleaner)
[2020-03-30 14:26:57,313] INFO [kafka-log-cleaner-thread-0]: Shutting down (kafka.log.LogCleaner)
[2020-03-30 14:26:57,314] INFO [kafka-log-cleaner-thread-0]: Stopped (kafka.log.LogCleaner)
[2020-03-30 14:26:57,315] INFO [kafka-log-cleaner-thread-0]: Shutdown completed (kafka.log.LogCleaner)
[2020-03-30 14:27:17,055] INFO Starting the log cleaner (kafka.log.LogCleaner)
[2020-03-30 14:27:17,201] INFO Starting the log cleaner (kafka.log.LogCleaner)
[2020-03-30 14:27:17,310] INFO Starting the log cleaner (kafka.log.LogCleaner)
[2020-03-30 14:27:17,329] INFO Starting the log cleaner (kafka.log.LogCleaner)
[2020-03-30 14:27:17,382] INFO [kafka-log-cleaner-thread-0]: Starting (kafka.log.LogCleaner)
[2020-03-30 14:27:17,504] INFO [kafka-log-cleaner-thread-0]: Starting (kafka.log.LogCleaner)
[2020-03-30 14:27:17,545] INFO [kafka-log-cleaner-thread-0]: Starting (kafka.log.LogCleaner)
[2020-03-30 14:27:17,557] INFO [kafka-log-cleaner-thread-0]: Starting (kafka.log.LogCleaner)
[2020-03-30 14:27:19,928] INFO Shutting down the log cleaner. (kafka.log.LogCleaner)
[2020-03-30 14:27:19,930] INFO [kafka-log-cleaner-thread-0]: Shutting down (kafka.log.LogCleaner)
[2020-03-30 14:27:19,936] INFO [kafka-log-cleaner-thread-0]: Stopped (kafka.log.LogCleaner)
[2020-03-30 14:27:19,940] INFO [kafka-log-cleaner-thread-0]: Shutdown completed (kafka.log.LogCleaner)
[2020-03-30 14:27:20,201] INFO Shutting down the log cleaner. (kafka.log.LogCleaner)
[2020-03-30 14:27:20,209] INFO [kafka-log-cleaner-thread-0]: Shutting down (kafka.log.LogCleaner)
[2020-03-30 14:27:20,216] INFO [kafka-log-cleaner-thread-0]: Stopped (kafka.log.LogCleaner)
[2020-03-30 14:27:20,217] INFO [kafka-log-cleaner-thread-0]: Shutdown completed (kafka.log.LogCleaner)
[2020-03-30 14:27:20,239] INFO Shutting down the log cleaner. (kafka.log.LogCleaner)
[2020-03-30 14:27:20,243] INFO [kafka-log-cleaner-thread-0]: Shutting down (kafka.log.LogCleaner)
[2020-03-30 14:27:20,250] INFO [kafka-log-cleaner-thread-0]: Stopped (kafka.log.LogCleaner)
[2020-03-30 14:27:20,252] INFO [kafka-log-cleaner-thread-0]: Shutdown completed (kafka.log.LogCleaner)
[2020-03-30 14:27:20,481] INFO Shutting down the log cleaner. (kafka.log.LogCleaner)
[2020-03-30 14:27:20,488] INFO [kafka-log-cleaner-thread-0]: Shutting down (kafka.log.LogCleaner)
[2020-03-30 14:27:20,492] INFO [kafka-log-cleaner-thread-0]: Stopped (kafka.log.LogCleaner)
[2020-03-30 14:27:20,493] INFO [kafka-log-cleaner-thread-0]: Shutdown completed (kafka.log.LogCleaner)
[2020-03-30 14:31:13,205] INFO Starting the log cleaner (kafka.log.LogCleaner)
[2020-03-30 14:31:13,276] INFO Starting the log cleaner (kafka.log.LogCleaner)
[2020-03-30 14:31:13,348] INFO Starting the log cleaner (kafka.log.LogCleaner)
[2020-03-30 14:31:13,474] INFO Starting the log cleaner (kafka.log.LogCleaner)
[2020-03-30 14:31:13,502] INFO [kafka-log-cleaner-thread-0]: Starting (kafka.log.LogCleaner)
[2020-03-30 14:31:13,541] INFO [kafka-log-cleaner-thread-0]: Starting (kafka.log.LogCleaner)
[2020-03-30 14:31:13,656] INFO [kafka-log-cleaner-thread-0]: Starting (kafka.log.LogCleaner)
[2020-03-30 14:31:13,682] INFO [kafka-log-cleaner-thread-0]: Starting (kafka.log.LogCleaner)
[2020-03-30 14:32:10,491] INFO Shutting down the log cleaner. (kafka.log.LogCleaner)
[2020-03-30 14:32:10,493] INFO [kafka-log-cleaner-thread-0]: Shutting down (kafka.log.LogCleaner)
[2020-03-30 14:32:10,494] INFO [kafka-log-cleaner-thread-0]: Stopped (kafka.log.LogCleaner)
[2020-03-30 14:32:10,494] INFO [kafka-log-cleaner-thread-0]: Shutdown completed (kafka.log.LogCleaner)
[2020-03-30 14:32:10,784] INFO Shutting down the log cleaner. (kafka.log.LogCleaner)
[2020-03-30 14:32:10,785] INFO [kafka-log-cleaner-thread-0]: Shutting down (kafka.log.LogCleaner)
[2020-03-30 14:32:10,786] INFO [kafka-log-cleaner-thread-0]: Stopped (kafka.log.LogCleaner)
[2020-03-30 14:32:10,786] INFO [kafka-log-cleaner-thread-0]: Shutdown completed (kafka.log.LogCleaner)
[2020-03-30 14:32:11,031] INFO Shutting down the log cleaner. (kafka.log.LogCleaner)
[2020-03-30 14:32:11,032] INFO [kafka-log-cleaner-thread-0]: Shutting down (kafka.log.LogCleaner)
[2020-03-30 14:32:11,033] INFO [kafka-log-cleaner-thread-0]: Stopped (kafka.log.LogCleaner)
[2020-03-30 14:32:11,033] INFO [kafka-log-cleaner-thread-0]: Shutdown completed (kafka.log.LogCleaner)
[2020-03-30 14:32:15,679] INFO Shutting down the log cleaner. (kafka.log.LogCleaner)
[2020-03-30 14:32:15,681] INFO [kafka-log-cleaner-thread-0]: Shutting down (kafka.log.LogCleaner)
[2020-03-30 14:32:15,682] INFO [kafka-log-cleaner-thread-0]: Stopped (kafka.log.LogCleaner)
[2020-03-30 14:32:15,682] INFO [kafka-log-cleaner-thread-0]: Shutdown completed (kafka.log.LogCleaner)
